INFO - 2017-04-17 07:14:26 --> Config Class Initialized
INFO - 2017-04-17 07:14:26 --> Hooks Class Initialized
INFO - 2017-04-17 07:14:26 --> UTF-8 Support Enabled
INFO - 2017-04-17 07:14:26 --> Utf8 Class Initialized
INFO - 2017-04-17 07:14:26 --> URI Class Initialized
INFO - 2017-04-17 07:14:26 --> Router Class Initialized
INFO - 2017-04-17 07:14:26 --> Output Class Initialized
INFO - 2017-04-17 07:14:27 --> Security Class Initialized
INFO - 2017-04-17 07:14:27 --> Input Class Initialized
INFO - 2017-04-17 07:14:27 --> Language Class Initialized
INFO - 2017-04-17 07:14:27 --> Loader Class Initialized
INFO - 2017-04-17 07:14:27 --> Helper loaded: url_helper
INFO - 2017-04-17 07:14:27 --> Database Driver Class Initialized
INFO - 2017-04-17 07:14:27 --> Session: Class initialized using 'files' driver.
INFO - 2017-04-17 07:14:27 --> Controller Class Initialized
INFO - 2017-04-17 07:14:27 --> Final output sent to browser
INFO - 2017-04-17 07:14:27 --> Total execution time: 0.0455
INFO - 2017-04-17 07:14:45 --> Config Class Initialized
INFO - 2017-04-17 07:14:45 --> Hooks Class Initialized
INFO - 2017-04-17 07:14:45 --> UTF-8 Support Enabled
INFO - 2017-04-17 07:14:45 --> Utf8 Class Initialized
INFO - 2017-04-17 07:14:45 --> URI Class Initialized
INFO - 2017-04-17 07:14:45 --> Router Class Initialized
INFO - 2017-04-17 07:14:45 --> Output Class Initialized
INFO - 2017-04-17 07:14:45 --> Security Class Initialized
INFO - 2017-04-17 07:14:45 --> Input Class Initialized
INFO - 2017-04-17 07:14:45 --> Language Class Initialized
INFO - 2017-04-17 07:14:45 --> Loader Class Initialized
INFO - 2017-04-17 07:14:45 --> Helper loaded: url_helper
INFO - 2017-04-17 07:14:45 --> Database Driver Class Initialized
INFO - 2017-04-17 07:14:45 --> Session: Class initialized using 'files' driver.
INFO - 2017-04-17 07:14:45 --> Controller Class Initialized
INFO - 2017-04-17 07:14:45 --> Final output sent to browser
INFO - 2017-04-17 07:14:45 --> Total execution time: 0.0284
INFO - 2017-04-17 07:42:05 --> Config Class Initialized
INFO - 2017-04-17 07:42:05 --> Hooks Class Initialized
INFO - 2017-04-17 07:42:05 --> UTF-8 Support Enabled
INFO - 2017-04-17 07:42:05 --> Utf8 Class Initialized
INFO - 2017-04-17 07:42:05 --> URI Class Initialized
INFO - 2017-04-17 07:42:05 --> Router Class Initialized
INFO - 2017-04-17 07:42:05 --> Output Class Initialized
INFO - 2017-04-17 07:42:05 --> Security Class Initialized
INFO - 2017-04-17 07:42:05 --> Input Class Initialized
INFO - 2017-04-17 07:42:05 --> Language Class Initialized
INFO - 2017-04-17 07:42:05 --> Loader Class Initialized
INFO - 2017-04-17 07:42:05 --> Helper loaded: url_helper
INFO - 2017-04-17 07:42:05 --> Database Driver Class Initialized
INFO - 2017-04-17 07:42:05 --> Session: Class initialized using 'files' driver.
INFO - 2017-04-17 07:42:05 --> Controller Class Initialized
INFO - 2017-04-17 07:42:05 --> Model Class Initialized
INFO - 2017-04-17 07:42:05 --> Model Class Initialized
INFO - 2017-04-17 07:42:05 --> Model Class Initialized
INFO - 2017-04-17 07:42:32 --> Config Class Initialized
INFO - 2017-04-17 07:42:32 --> Hooks Class Initialized
INFO - 2017-04-17 07:42:32 --> UTF-8 Support Enabled
INFO - 2017-04-17 07:42:32 --> Utf8 Class Initialized
INFO - 2017-04-17 07:42:32 --> URI Class Initialized
INFO - 2017-04-17 07:42:32 --> Router Class Initialized
INFO - 2017-04-17 07:42:32 --> Output Class Initialized
INFO - 2017-04-17 07:42:32 --> Security Class Initialized
INFO - 2017-04-17 07:42:32 --> Input Class Initialized
INFO - 2017-04-17 07:42:32 --> Language Class Initialized
INFO - 2017-04-17 07:42:32 --> Loader Class Initialized
INFO - 2017-04-17 07:42:32 --> Helper loaded: url_helper
INFO - 2017-04-17 07:42:32 --> Database Driver Class Initialized
INFO - 2017-04-17 07:42:32 --> Session: Class initialized using 'files' driver.
INFO - 2017-04-17 07:42:32 --> Controller Class Initialized
INFO - 2017-04-17 07:42:32 --> Model Class Initialized
INFO - 2017-04-17 07:42:32 --> Model Class Initialized
INFO - 2017-04-17 07:42:32 --> Model Class Initialized
INFO - 2017-04-17 07:42:32 --> Language file loaded: language/english/pagination_lang.php
INFO - 2017-04-17 07:42:32 --> Pagination Class Initialized
INFO - 2017-04-17 07:42:32 --> File loaded: /Users/huangxiaolu/workspace/demo/ci/application/views/index/index.html
INFO - 2017-04-17 07:42:32 --> Final output sent to browser
INFO - 2017-04-17 07:42:32 --> Total execution time: 0.0567
INFO - 2017-04-17 07:42:32 --> Config Class Initialized
INFO - 2017-04-17 07:42:32 --> Hooks Class Initialized
INFO - 2017-04-17 07:42:32 --> UTF-8 Support Enabled
INFO - 2017-04-17 07:42:32 --> Utf8 Class Initialized
INFO - 2017-04-17 07:42:32 --> URI Class Initialized
INFO - 2017-04-17 07:42:32 --> Router Class Initialized
INFO - 2017-04-17 07:42:32 --> Output Class Initialized
INFO - 2017-04-17 07:42:32 --> Security Class Initialized
INFO - 2017-04-17 07:42:32 --> Input Class Initialized
INFO - 2017-04-17 07:42:32 --> Language Class Initialized
ERROR - 2017-04-17 07:42:32 --> 404 Page Not Found: Style/css
INFO - 2017-04-17 07:42:32 --> Config Class Initialized
INFO - 2017-04-17 07:42:32 --> Hooks Class Initialized
INFO - 2017-04-17 07:42:32 --> UTF-8 Support Enabled
INFO - 2017-04-17 07:42:32 --> Utf8 Class Initialized
INFO - 2017-04-17 07:42:32 --> URI Class Initialized
INFO - 2017-04-17 07:42:32 --> Router Class Initialized
INFO - 2017-04-17 07:42:32 --> Output Class Initialized
INFO - 2017-04-17 07:42:32 --> Security Class Initialized
INFO - 2017-04-17 07:42:32 --> Input Class Initialized
INFO - 2017-04-17 07:42:32 --> Language Class Initialized
ERROR - 2017-04-17 07:42:32 --> 404 Page Not Found: Style/css
INFO - 2017-04-17 07:42:32 --> Config Class Initialized
INFO - 2017-04-17 07:42:32 --> Hooks Class Initialized
INFO - 2017-04-17 07:42:32 --> UTF-8 Support Enabled
INFO - 2017-04-17 07:42:32 --> Utf8 Class Initialized
INFO - 2017-04-17 07:42:32 --> URI Class Initialized
INFO - 2017-04-17 07:42:32 --> Router Class Initialized
INFO - 2017-04-17 07:42:32 --> Output Class Initialized
INFO - 2017-04-17 07:42:32 --> Security Class Initialized
INFO - 2017-04-17 07:42:32 --> Input Class Initialized
INFO - 2017-04-17 07:42:32 --> Language Class Initialized
ERROR - 2017-04-17 07:42:32 --> 404 Page Not Found: index/Js/jquery.min.js
INFO - 2017-04-17 07:42:32 --> Config Class Initialized
INFO - 2017-04-17 07:42:32 --> Hooks Class Initialized
INFO - 2017-04-17 07:42:32 --> UTF-8 Support Enabled
INFO - 2017-04-17 07:42:32 --> Utf8 Class Initialized
INFO - 2017-04-17 07:42:32 --> URI Class Initialized
INFO - 2017-04-17 07:42:32 --> Router Class Initialized
INFO - 2017-04-17 07:42:32 --> Output Class Initialized
INFO - 2017-04-17 07:42:32 --> Security Class Initialized
INFO - 2017-04-17 07:42:32 --> Input Class Initialized
INFO - 2017-04-17 07:42:32 --> Language Class Initialized
ERROR - 2017-04-17 07:42:32 --> 404 Page Not Found: index/Js/bootstrap.min.js
INFO - 2017-04-17 07:42:32 --> Config Class Initialized
INFO - 2017-04-17 07:42:32 --> Hooks Class Initialized
INFO - 2017-04-17 07:42:32 --> UTF-8 Support Enabled
INFO - 2017-04-17 07:42:32 --> Utf8 Class Initialized
INFO - 2017-04-17 07:42:32 --> URI Class Initialized
INFO - 2017-04-17 07:42:32 --> Router Class Initialized
INFO - 2017-04-17 07:42:32 --> Output Class Initialized
INFO - 2017-04-17 07:42:32 --> Security Class Initialized
INFO - 2017-04-17 07:42:32 --> Input Class Initialized
INFO - 2017-04-17 07:42:32 --> Language Class Initialized
ERROR - 2017-04-17 07:42:32 --> 404 Page Not Found: index/Js/modernizr.js
INFO - 2017-04-17 07:42:32 --> Config Class Initialized
INFO - 2017-04-17 07:42:32 --> Hooks Class Initialized
INFO - 2017-04-17 07:42:32 --> UTF-8 Support Enabled
INFO - 2017-04-17 07:42:32 --> Utf8 Class Initialized
INFO - 2017-04-17 07:42:32 --> URI Class Initialized
INFO - 2017-04-17 07:42:32 --> Router Class Initialized
INFO - 2017-04-17 07:42:32 --> Output Class Initialized
INFO - 2017-04-17 07:42:32 --> Security Class Initialized
INFO - 2017-04-17 07:42:32 --> Input Class Initialized
INFO - 2017-04-17 07:42:32 --> Language Class Initialized
ERROR - 2017-04-17 07:42:32 --> 404 Page Not Found: index/Img/logo.png
INFO - 2017-04-17 07:42:32 --> Config Class Initialized
INFO - 2017-04-17 07:42:32 --> Hooks Class Initialized
INFO - 2017-04-17 07:42:32 --> UTF-8 Support Enabled
INFO - 2017-04-17 07:42:32 --> Utf8 Class Initialized
INFO - 2017-04-17 07:42:32 --> URI Class Initialized
INFO - 2017-04-17 07:42:32 --> Router Class Initialized
INFO - 2017-04-17 07:42:32 --> Output Class Initialized
INFO - 2017-04-17 07:42:32 --> Security Class Initialized
INFO - 2017-04-17 07:42:32 --> Input Class Initialized
INFO - 2017-04-17 07:42:32 --> Language Class Initialized
ERROR - 2017-04-17 07:42:32 --> 404 Page Not Found: index/Img/5.jpg
INFO - 2017-04-17 07:42:33 --> Config Class Initialized
INFO - 2017-04-17 07:42:33 --> Hooks Class Initialized
INFO - 2017-04-17 07:42:33 --> UTF-8 Support Enabled
INFO - 2017-04-17 07:42:33 --> Utf8 Class Initialized
INFO - 2017-04-17 07:42:33 --> URI Class Initialized
INFO - 2017-04-17 07:42:33 --> Router Class Initialized
INFO - 2017-04-17 07:42:33 --> Output Class Initialized
INFO - 2017-04-17 07:42:33 --> Security Class Initialized
INFO - 2017-04-17 07:42:33 --> Input Class Initialized
INFO - 2017-04-17 07:42:33 --> Language Class Initialized
ERROR - 2017-04-17 07:42:33 --> 404 Page Not Found: index/Js/bootstrap.min.js
INFO - 2017-04-17 07:42:34 --> Config Class Initialized
INFO - 2017-04-17 07:42:34 --> Hooks Class Initialized
INFO - 2017-04-17 07:42:34 --> UTF-8 Support Enabled
INFO - 2017-04-17 07:42:34 --> Utf8 Class Initialized
INFO - 2017-04-17 07:42:34 --> URI Class Initialized
INFO - 2017-04-17 07:42:34 --> Router Class Initialized
INFO - 2017-04-17 07:42:34 --> Output Class Initialized
INFO - 2017-04-17 07:42:34 --> Security Class Initialized
INFO - 2017-04-17 07:42:34 --> Input Class Initialized
INFO - 2017-04-17 07:42:34 --> Language Class Initialized
ERROR - 2017-04-17 07:42:34 --> 404 Page Not Found: index/Js/modernizr.js
INFO - 2017-04-17 07:42:39 --> Config Class Initialized
INFO - 2017-04-17 07:42:39 --> Hooks Class Initialized
INFO - 2017-04-17 07:42:39 --> UTF-8 Support Enabled
INFO - 2017-04-17 07:42:39 --> Utf8 Class Initialized
INFO - 2017-04-17 07:42:39 --> URI Class Initialized
INFO - 2017-04-17 07:42:39 --> Router Class Initialized
INFO - 2017-04-17 07:42:39 --> Output Class Initialized
INFO - 2017-04-17 07:42:39 --> Security Class Initialized
INFO - 2017-04-17 07:42:39 --> Input Class Initialized
INFO - 2017-04-17 07:42:39 --> Language Class Initialized
INFO - 2017-04-17 07:42:39 --> Loader Class Initialized
INFO - 2017-04-17 07:42:39 --> Helper loaded: url_helper
INFO - 2017-04-17 07:42:39 --> Database Driver Class Initialized
INFO - 2017-04-17 07:42:39 --> Session: Class initialized using 'files' driver.
INFO - 2017-04-17 07:42:39 --> Controller Class Initialized
INFO - 2017-04-17 07:42:39 --> Model Class Initialized
INFO - 2017-04-17 07:42:39 --> Model Class Initialized
INFO - 2017-04-17 07:42:39 --> Model Class Initialized
INFO - 2017-04-17 07:42:39 --> File loaded: /Users/huangxiaolu/workspace/demo/ci/application/views/index/single.html
INFO - 2017-04-17 07:42:39 --> Final output sent to browser
INFO - 2017-04-17 07:42:39 --> Total execution time: 0.0265
INFO - 2017-04-17 07:42:39 --> Config Class Initialized
INFO - 2017-04-17 07:42:39 --> Hooks Class Initialized
INFO - 2017-04-17 07:42:39 --> UTF-8 Support Enabled
INFO - 2017-04-17 07:42:39 --> Utf8 Class Initialized
INFO - 2017-04-17 07:42:39 --> URI Class Initialized
INFO - 2017-04-17 07:42:39 --> Router Class Initialized
INFO - 2017-04-17 07:42:39 --> Output Class Initialized
INFO - 2017-04-17 07:42:39 --> Security Class Initialized
INFO - 2017-04-17 07:42:39 --> Input Class Initialized
INFO - 2017-04-17 07:42:39 --> Language Class Initialized
INFO - 2017-04-17 07:42:39 --> Loader Class Initialized
INFO - 2017-04-17 07:42:39 --> Helper loaded: url_helper
INFO - 2017-04-17 07:42:39 --> Database Driver Class Initialized
INFO - 2017-04-17 07:42:39 --> Session: Class initialized using 'files' driver.
INFO - 2017-04-17 07:42:39 --> Controller Class Initialized
INFO - 2017-04-17 07:42:39 --> Model Class Initialized
INFO - 2017-04-17 07:42:39 --> Model Class Initialized
INFO - 2017-04-17 07:42:39 --> Model Class Initialized
INFO - 2017-04-17 07:42:39 --> File loaded: /Users/huangxiaolu/workspace/demo/ci/application/views/index/single.html
INFO - 2017-04-17 07:42:39 --> Final output sent to browser
INFO - 2017-04-17 07:42:39 --> Total execution time: 0.0353
INFO - 2017-04-17 07:42:39 --> Config Class Initialized
INFO - 2017-04-17 07:42:39 --> Hooks Class Initialized
INFO - 2017-04-17 07:42:39 --> Config Class Initialized
INFO - 2017-04-17 07:42:39 --> Hooks Class Initialized
INFO - 2017-04-17 07:42:39 --> UTF-8 Support Enabled
INFO - 2017-04-17 07:42:39 --> Utf8 Class Initialized
INFO - 2017-04-17 07:42:39 --> URI Class Initialized
INFO - 2017-04-17 07:42:39 --> UTF-8 Support Enabled
INFO - 2017-04-17 07:42:39 --> Utf8 Class Initialized
INFO - 2017-04-17 07:42:39 --> Router Class Initialized
INFO - 2017-04-17 07:42:39 --> URI Class Initialized
INFO - 2017-04-17 07:42:39 --> Router Class Initialized
INFO - 2017-04-17 07:42:39 --> Output Class Initialized
INFO - 2017-04-17 07:42:39 --> Output Class Initialized
INFO - 2017-04-17 07:42:39 --> Security Class Initialized
INFO - 2017-04-17 07:42:39 --> Input Class Initialized
INFO - 2017-04-17 07:42:39 --> Security Class Initialized
INFO - 2017-04-17 07:42:39 --> Language Class Initialized
INFO - 2017-04-17 07:42:39 --> Input Class Initialized
INFO - 2017-04-17 07:42:39 --> Language Class Initialized
INFO - 2017-04-17 07:42:39 --> Loader Class Initialized
INFO - 2017-04-17 07:42:39 --> Loader Class Initialized
INFO - 2017-04-17 07:42:39 --> Helper loaded: url_helper
INFO - 2017-04-17 07:42:39 --> Helper loaded: url_helper
INFO - 2017-04-17 07:42:39 --> Database Driver Class Initialized
INFO - 2017-04-17 07:42:39 --> Database Driver Class Initialized
INFO - 2017-04-17 07:42:39 --> Session: Class initialized using 'files' driver.
INFO - 2017-04-17 07:42:39 --> Controller Class Initialized
INFO - 2017-04-17 07:42:39 --> Model Class Initialized
INFO - 2017-04-17 07:42:39 --> Model Class Initialized
INFO - 2017-04-17 07:42:39 --> Model Class Initialized
INFO - 2017-04-17 07:42:39 --> File loaded: /Users/huangxiaolu/workspace/demo/ci/application/views/index/single.html
INFO - 2017-04-17 07:42:39 --> Final output sent to browser
INFO - 2017-04-17 07:42:39 --> Total execution time: 0.0333
INFO - 2017-04-17 07:42:39 --> Session: Class initialized using 'files' driver.
INFO - 2017-04-17 07:42:39 --> Controller Class Initialized
INFO - 2017-04-17 07:42:39 --> Model Class Initialized
INFO - 2017-04-17 07:42:39 --> Model Class Initialized
INFO - 2017-04-17 07:42:39 --> Model Class Initialized
INFO - 2017-04-17 07:42:39 --> File loaded: /Users/huangxiaolu/workspace/demo/ci/application/views/index/single.html
INFO - 2017-04-17 07:42:39 --> Final output sent to browser
INFO - 2017-04-17 07:42:39 --> Total execution time: 0.0367
INFO - 2017-04-17 07:42:39 --> Config Class Initialized
INFO - 2017-04-17 07:42:39 --> Hooks Class Initialized
INFO - 2017-04-17 07:42:39 --> UTF-8 Support Enabled
INFO - 2017-04-17 07:42:39 --> Utf8 Class Initialized
INFO - 2017-04-17 07:42:39 --> URI Class Initialized
INFO - 2017-04-17 07:42:39 --> Router Class Initialized
INFO - 2017-04-17 07:42:39 --> Output Class Initialized
INFO - 2017-04-17 07:42:39 --> Security Class Initialized
INFO - 2017-04-17 07:42:39 --> Input Class Initialized
INFO - 2017-04-17 07:42:39 --> Language Class Initialized
ERROR - 2017-04-17 07:42:39 --> 404 Page Not Found: Style/img
INFO - 2017-04-17 07:42:44 --> Config Class Initialized
INFO - 2017-04-17 07:42:44 --> Hooks Class Initialized
INFO - 2017-04-17 07:42:44 --> UTF-8 Support Enabled
INFO - 2017-04-17 07:42:44 --> Utf8 Class Initialized
INFO - 2017-04-17 07:42:44 --> URI Class Initialized
INFO - 2017-04-17 07:42:44 --> Router Class Initialized
INFO - 2017-04-17 07:42:44 --> Output Class Initialized
INFO - 2017-04-17 07:42:44 --> Security Class Initialized
INFO - 2017-04-17 07:42:44 --> Input Class Initialized
INFO - 2017-04-17 07:42:44 --> Language Class Initialized
INFO - 2017-04-17 07:42:44 --> Loader Class Initialized
INFO - 2017-04-17 07:42:44 --> Helper loaded: url_helper
INFO - 2017-04-17 07:42:44 --> Database Driver Class Initialized
INFO - 2017-04-17 07:42:44 --> Session: Class initialized using 'files' driver.
INFO - 2017-04-17 07:42:44 --> Controller Class Initialized
INFO - 2017-04-17 07:42:44 --> Model Class Initialized
INFO - 2017-04-17 07:42:44 --> Model Class Initialized
INFO - 2017-04-17 07:42:44 --> Model Class Initialized
INFO - 2017-04-17 07:42:44 --> Language file loaded: language/english/pagination_lang.php
INFO - 2017-04-17 07:42:44 --> Pagination Class Initialized
INFO - 2017-04-17 07:42:44 --> File loaded: /Users/huangxiaolu/workspace/demo/ci/application/views/index/index.html
INFO - 2017-04-17 07:42:44 --> Final output sent to browser
INFO - 2017-04-17 07:42:44 --> Total execution time: 0.0261
INFO - 2017-04-17 07:42:52 --> Config Class Initialized
INFO - 2017-04-17 07:42:52 --> Hooks Class Initialized
INFO - 2017-04-17 07:42:52 --> UTF-8 Support Enabled
INFO - 2017-04-17 07:42:52 --> Utf8 Class Initialized
INFO - 2017-04-17 07:42:52 --> URI Class Initialized
INFO - 2017-04-17 07:42:52 --> Router Class Initialized
INFO - 2017-04-17 07:42:52 --> Output Class Initialized
INFO - 2017-04-17 07:42:52 --> Security Class Initialized
INFO - 2017-04-17 07:42:52 --> Input Class Initialized
INFO - 2017-04-17 07:42:52 --> Language Class Initialized
INFO - 2017-04-17 07:42:52 --> Loader Class Initialized
INFO - 2017-04-17 07:42:52 --> Helper loaded: url_helper
INFO - 2017-04-17 07:42:52 --> Database Driver Class Initialized
INFO - 2017-04-17 07:42:52 --> Session: Class initialized using 'files' driver.
INFO - 2017-04-17 07:42:52 --> Controller Class Initialized
INFO - 2017-04-17 07:42:52 --> Model Class Initialized
INFO - 2017-04-17 07:42:52 --> Model Class Initialized
INFO - 2017-04-17 07:42:52 --> Model Class Initialized
INFO - 2017-04-17 07:42:52 --> File loaded: /Users/huangxiaolu/workspace/demo/ci/application/views/index/single.html
INFO - 2017-04-17 07:42:52 --> Final output sent to browser
INFO - 2017-04-17 07:42:52 --> Total execution time: 0.0230
INFO - 2017-04-17 07:42:53 --> Config Class Initialized
INFO - 2017-04-17 07:42:53 --> Hooks Class Initialized
INFO - 2017-04-17 07:42:53 --> UTF-8 Support Enabled
INFO - 2017-04-17 07:42:53 --> Utf8 Class Initialized
INFO - 2017-04-17 07:42:53 --> URI Class Initialized
INFO - 2017-04-17 07:42:53 --> Router Class Initialized
INFO - 2017-04-17 07:42:53 --> Output Class Initialized
INFO - 2017-04-17 07:42:53 --> Security Class Initialized
INFO - 2017-04-17 07:42:53 --> Input Class Initialized
INFO - 2017-04-17 07:42:53 --> Language Class Initialized
INFO - 2017-04-17 07:42:53 --> Loader Class Initialized
INFO - 2017-04-17 07:42:53 --> Helper loaded: url_helper
INFO - 2017-04-17 07:42:53 --> Database Driver Class Initialized
INFO - 2017-04-17 07:42:53 --> Session: Class initialized using 'files' driver.
INFO - 2017-04-17 07:42:53 --> Controller Class Initialized
INFO - 2017-04-17 07:42:53 --> Model Class Initialized
INFO - 2017-04-17 07:42:53 --> Model Class Initialized
INFO - 2017-04-17 07:42:53 --> Model Class Initialized
INFO - 2017-04-17 07:42:53 --> File loaded: /Users/huangxiaolu/workspace/demo/ci/application/views/index/single.html
INFO - 2017-04-17 07:42:53 --> Final output sent to browser
INFO - 2017-04-17 07:42:53 --> Total execution time: 0.0343
INFO - 2017-04-17 07:42:53 --> Config Class Initialized
INFO - 2017-04-17 07:42:53 --> Hooks Class Initialized
INFO - 2017-04-17 07:42:53 --> Config Class Initialized
INFO - 2017-04-17 07:42:53 --> Hooks Class Initialized
INFO - 2017-04-17 07:42:53 --> UTF-8 Support Enabled
INFO - 2017-04-17 07:42:53 --> Utf8 Class Initialized
INFO - 2017-04-17 07:42:53 --> UTF-8 Support Enabled
INFO - 2017-04-17 07:42:53 --> Utf8 Class Initialized
INFO - 2017-04-17 07:42:53 --> URI Class Initialized
INFO - 2017-04-17 07:42:53 --> URI Class Initialized
INFO - 2017-04-17 07:42:53 --> Router Class Initialized
INFO - 2017-04-17 07:42:53 --> Router Class Initialized
INFO - 2017-04-17 07:42:53 --> Output Class Initialized
INFO - 2017-04-17 07:42:53 --> Output Class Initialized
INFO - 2017-04-17 07:42:53 --> Security Class Initialized
INFO - 2017-04-17 07:42:53 --> Input Class Initialized
INFO - 2017-04-17 07:42:53 --> Security Class Initialized
INFO - 2017-04-17 07:42:53 --> Language Class Initialized
INFO - 2017-04-17 07:42:53 --> Input Class Initialized
INFO - 2017-04-17 07:42:53 --> Language Class Initialized
INFO - 2017-04-17 07:42:53 --> Loader Class Initialized
INFO - 2017-04-17 07:42:53 --> Loader Class Initialized
INFO - 2017-04-17 07:42:53 --> Helper loaded: url_helper
INFO - 2017-04-17 07:42:53 --> Helper loaded: url_helper
INFO - 2017-04-17 07:42:53 --> Database Driver Class Initialized
INFO - 2017-04-17 07:42:53 --> Session: Class initialized using 'files' driver.
INFO - 2017-04-17 07:42:53 --> Database Driver Class Initialized
INFO - 2017-04-17 07:42:53 --> Controller Class Initialized
INFO - 2017-04-17 07:42:53 --> Model Class Initialized
INFO - 2017-04-17 07:42:53 --> Model Class Initialized
INFO - 2017-04-17 07:42:53 --> Model Class Initialized
INFO - 2017-04-17 07:42:53 --> File loaded: /Users/huangxiaolu/workspace/demo/ci/application/views/index/single.html
INFO - 2017-04-17 07:42:53 --> Final output sent to browser
INFO - 2017-04-17 07:42:53 --> Total execution time: 0.0213
INFO - 2017-04-17 07:42:53 --> Session: Class initialized using 'files' driver.
INFO - 2017-04-17 07:42:53 --> Controller Class Initialized
INFO - 2017-04-17 07:42:53 --> Model Class Initialized
INFO - 2017-04-17 07:42:53 --> Model Class Initialized
INFO - 2017-04-17 07:42:53 --> Model Class Initialized
INFO - 2017-04-17 07:42:53 --> File loaded: /Users/huangxiaolu/workspace/demo/ci/application/views/index/single.html
INFO - 2017-04-17 07:42:53 --> Final output sent to browser
INFO - 2017-04-17 07:42:53 --> Total execution time: 0.0264
INFO - 2017-04-17 07:42:53 --> Config Class Initialized
INFO - 2017-04-17 07:42:53 --> Hooks Class Initialized
INFO - 2017-04-17 07:42:53 --> UTF-8 Support Enabled
INFO - 2017-04-17 07:42:53 --> Utf8 Class Initialized
INFO - 2017-04-17 07:42:53 --> URI Class Initialized
INFO - 2017-04-17 07:42:53 --> Router Class Initialized
INFO - 2017-04-17 07:42:53 --> Output Class Initialized
INFO - 2017-04-17 07:42:53 --> Security Class Initialized
INFO - 2017-04-17 07:42:53 --> Input Class Initialized
INFO - 2017-04-17 07:42:53 --> Language Class Initialized
ERROR - 2017-04-17 07:42:53 --> 404 Page Not Found: Style/img
INFO - 2017-04-17 07:43:06 --> Config Class Initialized
INFO - 2017-04-17 07:43:06 --> Hooks Class Initialized
INFO - 2017-04-17 07:43:06 --> UTF-8 Support Enabled
INFO - 2017-04-17 07:43:06 --> Utf8 Class Initialized
INFO - 2017-04-17 07:43:06 --> URI Class Initialized
INFO - 2017-04-17 07:43:06 --> Router Class Initialized
INFO - 2017-04-17 07:43:06 --> Output Class Initialized
INFO - 2017-04-17 07:43:06 --> Security Class Initialized
INFO - 2017-04-17 07:43:06 --> Input Class Initialized
INFO - 2017-04-17 07:43:06 --> Language Class Initialized
INFO - 2017-04-17 07:43:06 --> Loader Class Initialized
INFO - 2017-04-17 07:43:06 --> Helper loaded: url_helper
INFO - 2017-04-17 07:43:06 --> Database Driver Class Initialized
INFO - 2017-04-17 07:43:06 --> Session: Class initialized using 'files' driver.
INFO - 2017-04-17 07:43:06 --> Controller Class Initialized
INFO - 2017-04-17 07:43:06 --> Model Class Initialized
INFO - 2017-04-17 07:43:06 --> Model Class Initialized
INFO - 2017-04-17 07:43:06 --> Model Class Initialized
INFO - 2017-04-17 07:43:06 --> Language file loaded: language/english/pagination_lang.php
INFO - 2017-04-17 07:43:06 --> Pagination Class Initialized
INFO - 2017-04-17 07:43:06 --> File loaded: /Users/huangxiaolu/workspace/demo/ci/application/views/index/index.html
INFO - 2017-04-17 07:43:06 --> Final output sent to browser
INFO - 2017-04-17 07:43:06 --> Total execution time: 0.0255
INFO - 2017-04-17 07:43:06 --> Config Class Initialized
INFO - 2017-04-17 07:43:06 --> Hooks Class Initialized
INFO - 2017-04-17 07:43:06 --> Config Class Initialized
INFO - 2017-04-17 07:43:06 --> Hooks Class Initialized
INFO - 2017-04-17 07:43:06 --> UTF-8 Support Enabled
INFO - 2017-04-17 07:43:06 --> Utf8 Class Initialized
INFO - 2017-04-17 07:43:06 --> URI Class Initialized
INFO - 2017-04-17 07:43:06 --> Router Class Initialized
INFO - 2017-04-17 07:43:06 --> Output Class Initialized
INFO - 2017-04-17 07:43:06 --> Security Class Initialized
INFO - 2017-04-17 07:43:06 --> Input Class Initialized
INFO - 2017-04-17 07:43:06 --> Language Class Initialized
ERROR - 2017-04-17 07:43:06 --> 404 Page Not Found: Style/css
INFO - 2017-04-17 07:43:06 --> UTF-8 Support Enabled
INFO - 2017-04-17 07:43:06 --> Utf8 Class Initialized
INFO - 2017-04-17 07:43:06 --> URI Class Initialized
INFO - 2017-04-17 07:43:06 --> Router Class Initialized
INFO - 2017-04-17 07:43:06 --> Output Class Initialized
INFO - 2017-04-17 07:43:06 --> Security Class Initialized
INFO - 2017-04-17 07:43:06 --> Input Class Initialized
INFO - 2017-04-17 07:43:06 --> Language Class Initialized
ERROR - 2017-04-17 07:43:06 --> 404 Page Not Found: Style/css
INFO - 2017-04-17 07:43:06 --> Config Class Initialized
INFO - 2017-04-17 07:43:06 --> Hooks Class Initialized
INFO - 2017-04-17 07:43:06 --> UTF-8 Support Enabled
INFO - 2017-04-17 07:43:06 --> Utf8 Class Initialized
INFO - 2017-04-17 07:43:06 --> URI Class Initialized
INFO - 2017-04-17 07:43:06 --> Router Class Initialized
INFO - 2017-04-17 07:43:06 --> Output Class Initialized
INFO - 2017-04-17 07:43:06 --> Security Class Initialized
INFO - 2017-04-17 07:43:06 --> Input Class Initialized
INFO - 2017-04-17 07:43:06 --> Language Class Initialized
ERROR - 2017-04-17 07:43:06 --> 404 Page Not Found: index/Home/js
INFO - 2017-04-17 07:43:06 --> Config Class Initialized
INFO - 2017-04-17 07:43:06 --> Hooks Class Initialized
INFO - 2017-04-17 07:43:06 --> Config Class Initialized
INFO - 2017-04-17 07:43:06 --> Hooks Class Initialized
INFO - 2017-04-17 07:43:06 --> UTF-8 Support Enabled
INFO - 2017-04-17 07:43:06 --> Utf8 Class Initialized
INFO - 2017-04-17 07:43:06 --> UTF-8 Support Enabled
INFO - 2017-04-17 07:43:06 --> Utf8 Class Initialized
INFO - 2017-04-17 07:43:06 --> URI Class Initialized
INFO - 2017-04-17 07:43:06 --> URI Class Initialized
INFO - 2017-04-17 07:43:06 --> Router Class Initialized
INFO - 2017-04-17 07:43:06 --> Router Class Initialized
INFO - 2017-04-17 07:43:06 --> Output Class Initialized
INFO - 2017-04-17 07:43:06 --> Output Class Initialized
INFO - 2017-04-17 07:43:06 --> Security Class Initialized
INFO - 2017-04-17 07:43:06 --> Security Class Initialized
INFO - 2017-04-17 07:43:06 --> Input Class Initialized
INFO - 2017-04-17 07:43:06 --> Language Class Initialized
INFO - 2017-04-17 07:43:06 --> Input Class Initialized
ERROR - 2017-04-17 07:43:06 --> 404 Page Not Found: index/Home/img
INFO - 2017-04-17 07:43:06 --> Language Class Initialized
ERROR - 2017-04-17 07:43:06 --> 404 Page Not Found: index/Home/js
INFO - 2017-04-17 07:43:06 --> Config Class Initialized
INFO - 2017-04-17 07:43:06 --> Hooks Class Initialized
INFO - 2017-04-17 07:43:06 --> Config Class Initialized
INFO - 2017-04-17 07:43:06 --> Hooks Class Initialized
INFO - 2017-04-17 07:43:06 --> UTF-8 Support Enabled
INFO - 2017-04-17 07:43:06 --> UTF-8 Support Enabled
INFO - 2017-04-17 07:43:06 --> Utf8 Class Initialized
INFO - 2017-04-17 07:43:06 --> Utf8 Class Initialized
INFO - 2017-04-17 07:43:06 --> URI Class Initialized
INFO - 2017-04-17 07:43:06 --> URI Class Initialized
INFO - 2017-04-17 07:43:06 --> Router Class Initialized
INFO - 2017-04-17 07:43:06 --> Router Class Initialized
INFO - 2017-04-17 07:43:06 --> Output Class Initialized
INFO - 2017-04-17 07:43:06 --> Output Class Initialized
INFO - 2017-04-17 07:43:06 --> Security Class Initialized
INFO - 2017-04-17 07:43:06 --> Security Class Initialized
INFO - 2017-04-17 07:43:06 --> Input Class Initialized
INFO - 2017-04-17 07:43:06 --> Input Class Initialized
INFO - 2017-04-17 07:43:06 --> Language Class Initialized
INFO - 2017-04-17 07:43:06 --> Language Class Initialized
ERROR - 2017-04-17 07:43:06 --> 404 Page Not Found: index/Home/img
ERROR - 2017-04-17 07:43:06 --> 404 Page Not Found: index/Home/js
INFO - 2017-04-17 07:43:50 --> Config Class Initialized
INFO - 2017-04-17 07:43:50 --> Hooks Class Initialized
INFO - 2017-04-17 07:43:50 --> Config Class Initialized
INFO - 2017-04-17 07:43:50 --> Hooks Class Initialized
INFO - 2017-04-17 07:43:50 --> UTF-8 Support Enabled
INFO - 2017-04-17 07:43:50 --> UTF-8 Support Enabled
INFO - 2017-04-17 07:43:50 --> Utf8 Class Initialized
INFO - 2017-04-17 07:43:50 --> Utf8 Class Initialized
INFO - 2017-04-17 07:43:50 --> URI Class Initialized
INFO - 2017-04-17 07:43:50 --> URI Class Initialized
INFO - 2017-04-17 07:43:50 --> Router Class Initialized
INFO - 2017-04-17 07:43:50 --> Router Class Initialized
INFO - 2017-04-17 07:43:50 --> Output Class Initialized
INFO - 2017-04-17 07:43:50 --> Output Class Initialized
INFO - 2017-04-17 07:43:50 --> Security Class Initialized
INFO - 2017-04-17 07:43:50 --> Input Class Initialized
INFO - 2017-04-17 07:43:50 --> Security Class Initialized
INFO - 2017-04-17 07:43:50 --> Language Class Initialized
INFO - 2017-04-17 07:43:50 --> Input Class Initialized
INFO - 2017-04-17 07:43:50 --> Language Class Initialized
ERROR - 2017-04-17 07:43:50 --> 404 Page Not Found: Style/css
ERROR - 2017-04-17 07:43:50 --> 404 Page Not Found: Style/css
INFO - 2017-04-17 07:43:54 --> Config Class Initialized
INFO - 2017-04-17 07:43:54 --> Hooks Class Initialized
INFO - 2017-04-17 07:43:54 --> UTF-8 Support Enabled
INFO - 2017-04-17 07:43:54 --> Utf8 Class Initialized
INFO - 2017-04-17 07:43:54 --> URI Class Initialized
INFO - 2017-04-17 07:43:54 --> Router Class Initialized
INFO - 2017-04-17 07:43:54 --> Output Class Initialized
INFO - 2017-04-17 07:43:54 --> Security Class Initialized
INFO - 2017-04-17 07:43:54 --> Input Class Initialized
INFO - 2017-04-17 07:43:54 --> Language Class Initialized
INFO - 2017-04-17 07:43:54 --> Loader Class Initialized
INFO - 2017-04-17 07:43:54 --> Helper loaded: url_helper
INFO - 2017-04-17 07:43:54 --> Database Driver Class Initialized
INFO - 2017-04-17 07:43:54 --> Session: Class initialized using 'files' driver.
INFO - 2017-04-17 07:43:54 --> Controller Class Initialized
INFO - 2017-04-17 07:43:54 --> Model Class Initialized
INFO - 2017-04-17 07:43:54 --> Model Class Initialized
INFO - 2017-04-17 07:43:54 --> Model Class Initialized
INFO - 2017-04-17 07:43:54 --> Language file loaded: language/english/pagination_lang.php
INFO - 2017-04-17 07:43:54 --> Pagination Class Initialized
INFO - 2017-04-17 07:43:54 --> File loaded: /Users/huangxiaolu/workspace/demo/ci/application/views/index/index.html
INFO - 2017-04-17 07:43:54 --> Final output sent to browser
INFO - 2017-04-17 07:43:54 --> Total execution time: 0.0394
INFO - 2017-04-17 07:45:35 --> Config Class Initialized
INFO - 2017-04-17 07:45:35 --> Hooks Class Initialized
INFO - 2017-04-17 07:45:35 --> UTF-8 Support Enabled
INFO - 2017-04-17 07:45:35 --> Utf8 Class Initialized
INFO - 2017-04-17 07:45:35 --> URI Class Initialized
INFO - 2017-04-17 07:45:35 --> Router Class Initialized
INFO - 2017-04-17 07:45:35 --> Output Class Initialized
INFO - 2017-04-17 07:45:35 --> Security Class Initialized
INFO - 2017-04-17 07:45:35 --> Input Class Initialized
INFO - 2017-04-17 07:45:35 --> Language Class Initialized
INFO - 2017-04-17 07:45:35 --> Loader Class Initialized
INFO - 2017-04-17 07:45:35 --> Helper loaded: url_helper
INFO - 2017-04-17 07:45:35 --> Database Driver Class Initialized
INFO - 2017-04-17 07:45:35 --> Session: Class initialized using 'files' driver.
INFO - 2017-04-17 07:45:35 --> Controller Class Initialized
INFO - 2017-04-17 07:45:35 --> Model Class Initialized
INFO - 2017-04-17 07:45:35 --> Model Class Initialized
INFO - 2017-04-17 07:45:35 --> Model Class Initialized
INFO - 2017-04-17 07:45:35 --> Language file loaded: language/english/pagination_lang.php
INFO - 2017-04-17 07:45:35 --> Pagination Class Initialized
INFO - 2017-04-17 07:45:35 --> File loaded: /Users/huangxiaolu/workspace/demo/ci/application/views/index/index.html
INFO - 2017-04-17 07:45:35 --> Final output sent to browser
INFO - 2017-04-17 07:45:35 --> Total execution time: 0.0363
INFO - 2017-04-17 07:45:35 --> Config Class Initialized
INFO - 2017-04-17 07:45:35 --> Hooks Class Initialized
INFO - 2017-04-17 07:45:35 --> Config Class Initialized
INFO - 2017-04-17 07:45:35 --> Hooks Class Initialized
INFO - 2017-04-17 07:45:35 --> UTF-8 Support Enabled
INFO - 2017-04-17 07:45:35 --> Utf8 Class Initialized
INFO - 2017-04-17 07:45:35 --> URI Class Initialized
INFO - 2017-04-17 07:45:35 --> Router Class Initialized
INFO - 2017-04-17 07:45:35 --> UTF-8 Support Enabled
INFO - 2017-04-17 07:45:35 --> Utf8 Class Initialized
INFO - 2017-04-17 07:45:35 --> Output Class Initialized
INFO - 2017-04-17 07:45:35 --> URI Class Initialized
INFO - 2017-04-17 07:45:35 --> Security Class Initialized
INFO - 2017-04-17 07:45:35 --> Router Class Initialized
INFO - 2017-04-17 07:45:35 --> Input Class Initialized
INFO - 2017-04-17 07:45:35 --> Language Class Initialized
INFO - 2017-04-17 07:45:35 --> Output Class Initialized
INFO - 2017-04-17 07:45:35 --> Security Class Initialized
ERROR - 2017-04-17 07:45:35 --> 404 Page Not Found: Style/css
INFO - 2017-04-17 07:45:35 --> Input Class Initialized
INFO - 2017-04-17 07:45:35 --> Language Class Initialized
ERROR - 2017-04-17 07:45:35 --> 404 Page Not Found: Style/css
INFO - 2017-04-17 07:45:35 --> Config Class Initialized
INFO - 2017-04-17 07:45:35 --> Hooks Class Initialized
INFO - 2017-04-17 07:45:35 --> UTF-8 Support Enabled
INFO - 2017-04-17 07:45:35 --> Utf8 Class Initialized
INFO - 2017-04-17 07:45:35 --> URI Class Initialized
INFO - 2017-04-17 07:45:35 --> Router Class Initialized
INFO - 2017-04-17 07:45:35 --> Output Class Initialized
INFO - 2017-04-17 07:45:35 --> Security Class Initialized
INFO - 2017-04-17 07:45:35 --> Input Class Initialized
INFO - 2017-04-17 07:45:35 --> Language Class Initialized
ERROR - 2017-04-17 07:45:35 --> 404 Page Not Found: index/Home/js
INFO - 2017-04-17 07:45:35 --> Config Class Initialized
INFO - 2017-04-17 07:45:35 --> Hooks Class Initialized
INFO - 2017-04-17 07:45:35 --> UTF-8 Support Enabled
INFO - 2017-04-17 07:45:35 --> Utf8 Class Initialized
INFO - 2017-04-17 07:45:35 --> URI Class Initialized
INFO - 2017-04-17 07:45:35 --> Router Class Initialized
INFO - 2017-04-17 07:45:35 --> Output Class Initialized
INFO - 2017-04-17 07:45:35 --> Security Class Initialized
INFO - 2017-04-17 07:45:35 --> Input Class Initialized
INFO - 2017-04-17 07:45:35 --> Language Class Initialized
ERROR - 2017-04-17 07:45:35 --> 404 Page Not Found: index/Home/js
INFO - 2017-04-17 07:45:35 --> Config Class Initialized
INFO - 2017-04-17 07:45:35 --> Hooks Class Initialized
INFO - 2017-04-17 07:45:35 --> UTF-8 Support Enabled
INFO - 2017-04-17 07:45:35 --> Utf8 Class Initialized
INFO - 2017-04-17 07:45:35 --> URI Class Initialized
INFO - 2017-04-17 07:45:35 --> Router Class Initialized
INFO - 2017-04-17 07:45:35 --> Output Class Initialized
INFO - 2017-04-17 07:45:35 --> Security Class Initialized
INFO - 2017-04-17 07:45:35 --> Input Class Initialized
INFO - 2017-04-17 07:45:35 --> Language Class Initialized
ERROR - 2017-04-17 07:45:35 --> 404 Page Not Found: index/Home/js
INFO - 2017-04-17 07:45:35 --> Config Class Initialized
INFO - 2017-04-17 07:45:35 --> Config Class Initialized
INFO - 2017-04-17 07:45:35 --> Hooks Class Initialized
INFO - 2017-04-17 07:45:35 --> Hooks Class Initialized
INFO - 2017-04-17 07:45:35 --> UTF-8 Support Enabled
INFO - 2017-04-17 07:45:35 --> Utf8 Class Initialized
INFO - 2017-04-17 07:45:35 --> UTF-8 Support Enabled
INFO - 2017-04-17 07:45:35 --> Utf8 Class Initialized
INFO - 2017-04-17 07:45:35 --> URI Class Initialized
INFO - 2017-04-17 07:45:35 --> URI Class Initialized
INFO - 2017-04-17 07:45:35 --> Router Class Initialized
INFO - 2017-04-17 07:45:35 --> Router Class Initialized
INFO - 2017-04-17 07:45:35 --> Output Class Initialized
INFO - 2017-04-17 07:45:35 --> Output Class Initialized
INFO - 2017-04-17 07:45:35 --> Security Class Initialized
INFO - 2017-04-17 07:45:35 --> Security Class Initialized
INFO - 2017-04-17 07:45:35 --> Input Class Initialized
INFO - 2017-04-17 07:45:35 --> Language Class Initialized
INFO - 2017-04-17 07:45:35 --> Input Class Initialized
INFO - 2017-04-17 07:45:35 --> Language Class Initialized
ERROR - 2017-04-17 07:45:35 --> 404 Page Not Found: index/Home/img
ERROR - 2017-04-17 07:45:35 --> 404 Page Not Found: index/Home/img
INFO - 2017-04-17 07:45:35 --> Config Class Initialized
INFO - 2017-04-17 07:45:35 --> Hooks Class Initialized
INFO - 2017-04-17 07:45:35 --> UTF-8 Support Enabled
INFO - 2017-04-17 07:45:35 --> Utf8 Class Initialized
INFO - 2017-04-17 07:45:35 --> URI Class Initialized
INFO - 2017-04-17 07:45:35 --> Router Class Initialized
INFO - 2017-04-17 07:45:35 --> Output Class Initialized
INFO - 2017-04-17 07:45:35 --> Security Class Initialized
INFO - 2017-04-17 07:45:35 --> Input Class Initialized
INFO - 2017-04-17 07:45:35 --> Language Class Initialized
ERROR - 2017-04-17 07:45:35 --> 404 Page Not Found: index/Home/js
INFO - 2017-04-17 07:45:35 --> Config Class Initialized
INFO - 2017-04-17 07:45:35 --> Hooks Class Initialized
INFO - 2017-04-17 07:45:35 --> UTF-8 Support Enabled
INFO - 2017-04-17 07:45:35 --> Utf8 Class Initialized
INFO - 2017-04-17 07:45:35 --> URI Class Initialized
INFO - 2017-04-17 07:45:35 --> Router Class Initialized
INFO - 2017-04-17 07:45:35 --> Output Class Initialized
INFO - 2017-04-17 07:45:35 --> Security Class Initialized
INFO - 2017-04-17 07:45:35 --> Input Class Initialized
INFO - 2017-04-17 07:45:35 --> Language Class Initialized
ERROR - 2017-04-17 07:45:35 --> 404 Page Not Found: index/Home/js
INFO - 2017-04-17 07:45:35 --> Config Class Initialized
INFO - 2017-04-17 07:45:35 --> Hooks Class Initialized
INFO - 2017-04-17 07:45:35 --> UTF-8 Support Enabled
INFO - 2017-04-17 07:45:35 --> Utf8 Class Initialized
INFO - 2017-04-17 07:45:35 --> URI Class Initialized
INFO - 2017-04-17 07:45:35 --> Router Class Initialized
INFO - 2017-04-17 07:45:35 --> Output Class Initialized
INFO - 2017-04-17 07:45:35 --> Security Class Initialized
INFO - 2017-04-17 07:45:35 --> Input Class Initialized
INFO - 2017-04-17 07:45:35 --> Language Class Initialized
ERROR - 2017-04-17 07:45:35 --> 404 Page Not Found: index/Home/js
INFO - 2017-04-17 07:46:04 --> Config Class Initialized
INFO - 2017-04-17 07:46:04 --> Config Class Initialized
INFO - 2017-04-17 07:46:04 --> Hooks Class Initialized
INFO - 2017-04-17 07:46:04 --> Hooks Class Initialized
INFO - 2017-04-17 07:46:04 --> UTF-8 Support Enabled
INFO - 2017-04-17 07:46:04 --> UTF-8 Support Enabled
INFO - 2017-04-17 07:46:04 --> Utf8 Class Initialized
INFO - 2017-04-17 07:46:04 --> Utf8 Class Initialized
INFO - 2017-04-17 07:46:04 --> URI Class Initialized
INFO - 2017-04-17 07:46:04 --> URI Class Initialized
INFO - 2017-04-17 07:46:04 --> Router Class Initialized
INFO - 2017-04-17 07:46:04 --> Router Class Initialized
INFO - 2017-04-17 07:46:04 --> Output Class Initialized
INFO - 2017-04-17 07:46:04 --> Output Class Initialized
INFO - 2017-04-17 07:46:04 --> Security Class Initialized
INFO - 2017-04-17 07:46:04 --> Security Class Initialized
INFO - 2017-04-17 07:46:04 --> Input Class Initialized
INFO - 2017-04-17 07:46:04 --> Input Class Initialized
INFO - 2017-04-17 07:46:04 --> Language Class Initialized
INFO - 2017-04-17 07:46:04 --> Language Class Initialized
ERROR - 2017-04-17 07:46:04 --> 404 Page Not Found: Style/css
ERROR - 2017-04-17 07:46:04 --> 404 Page Not Found: Style/css
INFO - 2017-04-17 07:47:09 --> Config Class Initialized
INFO - 2017-04-17 07:47:09 --> Hooks Class Initialized
INFO - 2017-04-17 07:47:09 --> UTF-8 Support Enabled
INFO - 2017-04-17 07:47:09 --> Utf8 Class Initialized
INFO - 2017-04-17 07:47:09 --> URI Class Initialized
INFO - 2017-04-17 07:47:09 --> Router Class Initialized
INFO - 2017-04-17 07:47:09 --> Output Class Initialized
INFO - 2017-04-17 07:47:09 --> Security Class Initialized
INFO - 2017-04-17 07:47:09 --> Input Class Initialized
INFO - 2017-04-17 07:47:09 --> Language Class Initialized
INFO - 2017-04-17 07:47:09 --> Loader Class Initialized
INFO - 2017-04-17 07:47:09 --> Helper loaded: url_helper
INFO - 2017-04-17 07:47:09 --> Database Driver Class Initialized
INFO - 2017-04-17 07:47:09 --> Session: Class initialized using 'files' driver.
INFO - 2017-04-17 07:47:09 --> Controller Class Initialized
INFO - 2017-04-17 07:47:09 --> Model Class Initialized
INFO - 2017-04-17 07:47:09 --> Model Class Initialized
INFO - 2017-04-17 07:47:09 --> Model Class Initialized
INFO - 2017-04-17 07:47:09 --> Language file loaded: language/english/pagination_lang.php
INFO - 2017-04-17 07:47:09 --> Pagination Class Initialized
INFO - 2017-04-17 07:47:09 --> File loaded: /Users/huangxiaolu/workspace/demo/ci/application/views/index/index.html
INFO - 2017-04-17 07:47:09 --> Final output sent to browser
INFO - 2017-04-17 07:47:09 --> Total execution time: 0.0280
INFO - 2017-04-17 07:47:09 --> Config Class Initialized
INFO - 2017-04-17 07:47:09 --> Hooks Class Initialized
INFO - 2017-04-17 07:47:09 --> UTF-8 Support Enabled
INFO - 2017-04-17 07:47:09 --> Utf8 Class Initialized
INFO - 2017-04-17 07:47:09 --> URI Class Initialized
INFO - 2017-04-17 07:47:09 --> Router Class Initialized
INFO - 2017-04-17 07:47:09 --> Config Class Initialized
INFO - 2017-04-17 07:47:09 --> Hooks Class Initialized
INFO - 2017-04-17 07:47:09 --> Output Class Initialized
INFO - 2017-04-17 07:47:09 --> UTF-8 Support Enabled
INFO - 2017-04-17 07:47:09 --> Utf8 Class Initialized
INFO - 2017-04-17 07:47:09 --> Security Class Initialized
INFO - 2017-04-17 07:47:09 --> URI Class Initialized
INFO - 2017-04-17 07:47:09 --> Input Class Initialized
INFO - 2017-04-17 07:47:09 --> Language Class Initialized
INFO - 2017-04-17 07:47:09 --> Router Class Initialized
ERROR - 2017-04-17 07:47:09 --> 404 Page Not Found: Style/css
INFO - 2017-04-17 07:47:09 --> Output Class Initialized
INFO - 2017-04-17 07:47:09 --> Security Class Initialized
INFO - 2017-04-17 07:47:09 --> Input Class Initialized
INFO - 2017-04-17 07:47:09 --> Language Class Initialized
ERROR - 2017-04-17 07:47:09 --> 404 Page Not Found: Style/css
INFO - 2017-04-17 07:47:09 --> Config Class Initialized
INFO - 2017-04-17 07:47:09 --> Hooks Class Initialized
INFO - 2017-04-17 07:47:09 --> UTF-8 Support Enabled
INFO - 2017-04-17 07:47:09 --> Utf8 Class Initialized
INFO - 2017-04-17 07:47:09 --> URI Class Initialized
INFO - 2017-04-17 07:47:09 --> Router Class Initialized
INFO - 2017-04-17 07:47:09 --> Output Class Initialized
INFO - 2017-04-17 07:47:09 --> Security Class Initialized
INFO - 2017-04-17 07:47:09 --> Input Class Initialized
INFO - 2017-04-17 07:47:09 --> Language Class Initialized
ERROR - 2017-04-17 07:47:09 --> 404 Page Not Found: index/Home/js
INFO - 2017-04-17 07:47:09 --> Config Class Initialized
INFO - 2017-04-17 07:47:09 --> Hooks Class Initialized
INFO - 2017-04-17 07:47:09 --> UTF-8 Support Enabled
INFO - 2017-04-17 07:47:09 --> Utf8 Class Initialized
INFO - 2017-04-17 07:47:09 --> URI Class Initialized
INFO - 2017-04-17 07:47:09 --> Router Class Initialized
INFO - 2017-04-17 07:47:09 --> Output Class Initialized
INFO - 2017-04-17 07:47:09 --> Security Class Initialized
INFO - 2017-04-17 07:47:09 --> Input Class Initialized
INFO - 2017-04-17 07:47:09 --> Language Class Initialized
ERROR - 2017-04-17 07:47:09 --> 404 Page Not Found: index/Home/js
INFO - 2017-04-17 07:47:09 --> Config Class Initialized
INFO - 2017-04-17 07:47:09 --> Hooks Class Initialized
INFO - 2017-04-17 07:47:09 --> UTF-8 Support Enabled
INFO - 2017-04-17 07:47:09 --> Utf8 Class Initialized
INFO - 2017-04-17 07:47:09 --> URI Class Initialized
INFO - 2017-04-17 07:47:09 --> Router Class Initialized
INFO - 2017-04-17 07:47:09 --> Output Class Initialized
INFO - 2017-04-17 07:47:09 --> Security Class Initialized
INFO - 2017-04-17 07:47:09 --> Input Class Initialized
INFO - 2017-04-17 07:47:09 --> Language Class Initialized
ERROR - 2017-04-17 07:47:09 --> 404 Page Not Found: index/Home/js
INFO - 2017-04-17 07:47:09 --> Config Class Initialized
INFO - 2017-04-17 07:47:09 --> Hooks Class Initialized
INFO - 2017-04-17 07:47:09 --> Config Class Initialized
INFO - 2017-04-17 07:47:09 --> UTF-8 Support Enabled
INFO - 2017-04-17 07:47:09 --> Utf8 Class Initialized
INFO - 2017-04-17 07:47:09 --> Hooks Class Initialized
INFO - 2017-04-17 07:47:09 --> URI Class Initialized
INFO - 2017-04-17 07:47:09 --> Router Class Initialized
INFO - 2017-04-17 07:47:09 --> UTF-8 Support Enabled
INFO - 2017-04-17 07:47:09 --> Utf8 Class Initialized
INFO - 2017-04-17 07:47:09 --> Output Class Initialized
INFO - 2017-04-17 07:47:09 --> URI Class Initialized
INFO - 2017-04-17 07:47:09 --> Security Class Initialized
INFO - 2017-04-17 07:47:09 --> Router Class Initialized
INFO - 2017-04-17 07:47:09 --> Input Class Initialized
INFO - 2017-04-17 07:47:09 --> Language Class Initialized
ERROR - 2017-04-17 07:47:09 --> 404 Page Not Found: index/Home/img
INFO - 2017-04-17 07:47:09 --> Output Class Initialized
INFO - 2017-04-17 07:47:09 --> Security Class Initialized
INFO - 2017-04-17 07:47:09 --> Input Class Initialized
INFO - 2017-04-17 07:47:09 --> Language Class Initialized
ERROR - 2017-04-17 07:47:09 --> 404 Page Not Found: index/Home/img
INFO - 2017-04-17 07:47:09 --> Config Class Initialized
INFO - 2017-04-17 07:47:09 --> Hooks Class Initialized
INFO - 2017-04-17 07:47:09 --> UTF-8 Support Enabled
INFO - 2017-04-17 07:47:09 --> Utf8 Class Initialized
INFO - 2017-04-17 07:47:09 --> URI Class Initialized
INFO - 2017-04-17 07:47:09 --> Router Class Initialized
INFO - 2017-04-17 07:47:09 --> Output Class Initialized
INFO - 2017-04-17 07:47:09 --> Security Class Initialized
INFO - 2017-04-17 07:47:09 --> Input Class Initialized
INFO - 2017-04-17 07:47:09 --> Language Class Initialized
ERROR - 2017-04-17 07:47:09 --> 404 Page Not Found: index/Home/js
INFO - 2017-04-17 07:47:09 --> Config Class Initialized
INFO - 2017-04-17 07:47:09 --> Hooks Class Initialized
INFO - 2017-04-17 07:47:09 --> UTF-8 Support Enabled
INFO - 2017-04-17 07:47:09 --> Utf8 Class Initialized
INFO - 2017-04-17 07:47:09 --> URI Class Initialized
INFO - 2017-04-17 07:47:09 --> Router Class Initialized
INFO - 2017-04-17 07:47:09 --> Output Class Initialized
INFO - 2017-04-17 07:47:09 --> Security Class Initialized
INFO - 2017-04-17 07:47:09 --> Input Class Initialized
INFO - 2017-04-17 07:47:09 --> Language Class Initialized
ERROR - 2017-04-17 07:47:09 --> 404 Page Not Found: index/Home/js
INFO - 2017-04-17 07:47:09 --> Config Class Initialized
INFO - 2017-04-17 07:47:09 --> Hooks Class Initialized
INFO - 2017-04-17 07:47:09 --> UTF-8 Support Enabled
INFO - 2017-04-17 07:47:09 --> Utf8 Class Initialized
INFO - 2017-04-17 07:47:09 --> URI Class Initialized
INFO - 2017-04-17 07:47:09 --> Router Class Initialized
INFO - 2017-04-17 07:47:09 --> Output Class Initialized
INFO - 2017-04-17 07:47:09 --> Security Class Initialized
INFO - 2017-04-17 07:47:09 --> Input Class Initialized
INFO - 2017-04-17 07:47:09 --> Language Class Initialized
ERROR - 2017-04-17 07:47:09 --> 404 Page Not Found: index/Home/js
INFO - 2017-04-17 07:47:33 --> Config Class Initialized
INFO - 2017-04-17 07:47:33 --> Hooks Class Initialized
INFO - 2017-04-17 07:47:33 --> UTF-8 Support Enabled
INFO - 2017-04-17 07:47:33 --> Utf8 Class Initialized
INFO - 2017-04-17 07:47:33 --> URI Class Initialized
INFO - 2017-04-17 07:47:33 --> Router Class Initialized
INFO - 2017-04-17 07:47:33 --> Output Class Initialized
INFO - 2017-04-17 07:47:33 --> Security Class Initialized
INFO - 2017-04-17 07:47:33 --> Input Class Initialized
INFO - 2017-04-17 07:47:33 --> Language Class Initialized
ERROR - 2017-04-17 07:47:33 --> 404 Page Not Found: Style/css
INFO - 2017-04-17 07:51:34 --> Config Class Initialized
INFO - 2017-04-17 07:51:34 --> Hooks Class Initialized
INFO - 2017-04-17 07:51:34 --> UTF-8 Support Enabled
INFO - 2017-04-17 07:51:34 --> Utf8 Class Initialized
INFO - 2017-04-17 07:51:34 --> URI Class Initialized
INFO - 2017-04-17 07:51:34 --> Router Class Initialized
INFO - 2017-04-17 07:51:34 --> Output Class Initialized
INFO - 2017-04-17 07:51:34 --> Security Class Initialized
INFO - 2017-04-17 07:51:34 --> Input Class Initialized
INFO - 2017-04-17 07:51:34 --> Language Class Initialized
INFO - 2017-04-17 07:51:34 --> Loader Class Initialized
INFO - 2017-04-17 07:51:34 --> Helper loaded: url_helper
INFO - 2017-04-17 07:51:34 --> Database Driver Class Initialized
INFO - 2017-04-17 07:51:34 --> Session: Class initialized using 'files' driver.
INFO - 2017-04-17 07:51:34 --> Controller Class Initialized
INFO - 2017-04-17 07:51:34 --> Model Class Initialized
INFO - 2017-04-17 07:51:34 --> Model Class Initialized
INFO - 2017-04-17 07:51:34 --> Model Class Initialized
INFO - 2017-04-17 07:51:34 --> Language file loaded: language/english/pagination_lang.php
INFO - 2017-04-17 07:51:34 --> Pagination Class Initialized
INFO - 2017-04-17 07:51:34 --> File loaded: /Users/huangxiaolu/workspace/demo/ci/application/views/index/index.html
INFO - 2017-04-17 07:51:34 --> Final output sent to browser
INFO - 2017-04-17 07:51:34 --> Total execution time: 0.0410
INFO - 2017-04-17 07:51:34 --> Config Class Initialized
INFO - 2017-04-17 07:51:34 --> Hooks Class Initialized
INFO - 2017-04-17 07:51:34 --> UTF-8 Support Enabled
INFO - 2017-04-17 07:51:34 --> Utf8 Class Initialized
INFO - 2017-04-17 07:51:34 --> URI Class Initialized
INFO - 2017-04-17 07:51:34 --> Router Class Initialized
INFO - 2017-04-17 07:51:34 --> Output Class Initialized
INFO - 2017-04-17 07:51:34 --> Security Class Initialized
INFO - 2017-04-17 07:51:34 --> Input Class Initialized
INFO - 2017-04-17 07:51:34 --> Language Class Initialized
ERROR - 2017-04-17 07:51:34 --> 404 Page Not Found: index/Home/img
INFO - 2017-04-17 07:51:34 --> Config Class Initialized
INFO - 2017-04-17 07:51:34 --> Hooks Class Initialized
INFO - 2017-04-17 07:51:34 --> UTF-8 Support Enabled
INFO - 2017-04-17 07:51:34 --> Utf8 Class Initialized
INFO - 2017-04-17 07:51:34 --> URI Class Initialized
INFO - 2017-04-17 07:51:34 --> Router Class Initialized
INFO - 2017-04-17 07:51:34 --> Output Class Initialized
INFO - 2017-04-17 07:51:34 --> Security Class Initialized
INFO - 2017-04-17 07:51:34 --> Input Class Initialized
INFO - 2017-04-17 07:51:34 --> Language Class Initialized
ERROR - 2017-04-17 07:51:34 --> 404 Page Not Found: index/Home/img
INFO - 2017-04-17 07:51:34 --> Config Class Initialized
INFO - 2017-04-17 07:51:34 --> Hooks Class Initialized
INFO - 2017-04-17 07:51:34 --> UTF-8 Support Enabled
INFO - 2017-04-17 07:51:34 --> Utf8 Class Initialized
INFO - 2017-04-17 07:51:34 --> URI Class Initialized
INFO - 2017-04-17 07:51:34 --> Router Class Initialized
INFO - 2017-04-17 07:51:34 --> Output Class Initialized
INFO - 2017-04-17 07:51:34 --> Security Class Initialized
INFO - 2017-04-17 07:51:34 --> Input Class Initialized
INFO - 2017-04-17 07:51:34 --> Language Class Initialized
ERROR - 2017-04-17 07:51:34 --> 404 Page Not Found: Style/img
INFO - 2017-04-17 07:52:10 --> Config Class Initialized
INFO - 2017-04-17 07:52:10 --> Hooks Class Initialized
INFO - 2017-04-17 07:52:10 --> UTF-8 Support Enabled
INFO - 2017-04-17 07:52:10 --> Utf8 Class Initialized
INFO - 2017-04-17 07:52:10 --> URI Class Initialized
INFO - 2017-04-17 07:52:10 --> Router Class Initialized
INFO - 2017-04-17 07:52:10 --> Output Class Initialized
INFO - 2017-04-17 07:52:10 --> Security Class Initialized
INFO - 2017-04-17 07:52:10 --> Input Class Initialized
INFO - 2017-04-17 07:52:10 --> Language Class Initialized
INFO - 2017-04-17 07:52:10 --> Loader Class Initialized
INFO - 2017-04-17 07:52:10 --> Helper loaded: url_helper
INFO - 2017-04-17 07:52:10 --> Database Driver Class Initialized
INFO - 2017-04-17 07:52:10 --> Session: Class initialized using 'files' driver.
INFO - 2017-04-17 07:52:10 --> Controller Class Initialized
INFO - 2017-04-17 07:52:10 --> Model Class Initialized
INFO - 2017-04-17 07:52:10 --> Model Class Initialized
INFO - 2017-04-17 07:52:10 --> Model Class Initialized
INFO - 2017-04-17 07:52:10 --> Language file loaded: language/english/pagination_lang.php
INFO - 2017-04-17 07:52:10 --> Pagination Class Initialized
INFO - 2017-04-17 07:52:10 --> File loaded: /Users/huangxiaolu/workspace/demo/ci/application/views/index/index.html
INFO - 2017-04-17 07:52:10 --> Final output sent to browser
INFO - 2017-04-17 07:52:10 --> Total execution time: 0.0397
INFO - 2017-04-17 07:52:10 --> Config Class Initialized
INFO - 2017-04-17 07:52:10 --> Hooks Class Initialized
INFO - 2017-04-17 07:52:10 --> UTF-8 Support Enabled
INFO - 2017-04-17 07:52:10 --> Utf8 Class Initialized
INFO - 2017-04-17 07:52:10 --> URI Class Initialized
INFO - 2017-04-17 07:52:10 --> Router Class Initialized
INFO - 2017-04-17 07:52:10 --> Output Class Initialized
INFO - 2017-04-17 07:52:10 --> Security Class Initialized
INFO - 2017-04-17 07:52:10 --> Input Class Initialized
INFO - 2017-04-17 07:52:10 --> Language Class Initialized
ERROR - 2017-04-17 07:52:10 --> 404 Page Not Found: index/Home/img
INFO - 2017-04-17 07:52:10 --> Config Class Initialized
INFO - 2017-04-17 07:52:10 --> Hooks Class Initialized
INFO - 2017-04-17 07:52:10 --> UTF-8 Support Enabled
INFO - 2017-04-17 07:52:10 --> Utf8 Class Initialized
INFO - 2017-04-17 07:52:10 --> URI Class Initialized
INFO - 2017-04-17 07:52:10 --> Router Class Initialized
INFO - 2017-04-17 07:52:10 --> Output Class Initialized
INFO - 2017-04-17 07:52:10 --> Security Class Initialized
INFO - 2017-04-17 07:52:10 --> Input Class Initialized
INFO - 2017-04-17 07:52:10 --> Language Class Initialized
ERROR - 2017-04-17 07:52:10 --> 404 Page Not Found: index/Home/img
INFO - 2017-04-17 07:52:11 --> Config Class Initialized
INFO - 2017-04-17 07:52:11 --> Hooks Class Initialized
INFO - 2017-04-17 07:52:11 --> UTF-8 Support Enabled
INFO - 2017-04-17 07:52:11 --> Utf8 Class Initialized
INFO - 2017-04-17 07:52:11 --> URI Class Initialized
INFO - 2017-04-17 07:52:11 --> Router Class Initialized
INFO - 2017-04-17 07:52:11 --> Output Class Initialized
INFO - 2017-04-17 07:52:11 --> Security Class Initialized
INFO - 2017-04-17 07:52:11 --> Input Class Initialized
INFO - 2017-04-17 07:52:11 --> Language Class Initialized
ERROR - 2017-04-17 07:52:11 --> 404 Page Not Found: Style/img
INFO - 2017-04-17 07:53:44 --> Config Class Initialized
INFO - 2017-04-17 07:53:44 --> Hooks Class Initialized
INFO - 2017-04-17 07:53:44 --> UTF-8 Support Enabled
INFO - 2017-04-17 07:53:44 --> Utf8 Class Initialized
INFO - 2017-04-17 07:53:44 --> URI Class Initialized
INFO - 2017-04-17 07:53:44 --> Router Class Initialized
INFO - 2017-04-17 07:53:44 --> Output Class Initialized
INFO - 2017-04-17 07:53:44 --> Security Class Initialized
INFO - 2017-04-17 07:53:44 --> Input Class Initialized
INFO - 2017-04-17 07:53:44 --> Language Class Initialized
INFO - 2017-04-17 07:53:44 --> Loader Class Initialized
INFO - 2017-04-17 07:53:44 --> Helper loaded: url_helper
INFO - 2017-04-17 07:53:44 --> Database Driver Class Initialized
INFO - 2017-04-17 07:53:44 --> Session: Class initialized using 'files' driver.
INFO - 2017-04-17 07:53:44 --> Controller Class Initialized
INFO - 2017-04-17 07:53:44 --> Model Class Initialized
INFO - 2017-04-17 07:53:44 --> Model Class Initialized
INFO - 2017-04-17 07:53:44 --> Model Class Initialized
INFO - 2017-04-17 07:53:44 --> Language file loaded: language/english/pagination_lang.php
INFO - 2017-04-17 07:53:44 --> Pagination Class Initialized
INFO - 2017-04-17 07:53:44 --> File loaded: /Users/huangxiaolu/workspace/demo/ci/application/views/index/index.html
INFO - 2017-04-17 07:53:44 --> Final output sent to browser
INFO - 2017-04-17 07:53:44 --> Total execution time: 0.0279
INFO - 2017-04-17 07:53:44 --> Config Class Initialized
INFO - 2017-04-17 07:53:44 --> Hooks Class Initialized
INFO - 2017-04-17 07:53:44 --> UTF-8 Support Enabled
INFO - 2017-04-17 07:53:44 --> Utf8 Class Initialized
INFO - 2017-04-17 07:53:44 --> URI Class Initialized
INFO - 2017-04-17 07:53:44 --> Router Class Initialized
INFO - 2017-04-17 07:53:44 --> Output Class Initialized
INFO - 2017-04-17 07:53:44 --> Security Class Initialized
INFO - 2017-04-17 07:53:44 --> Input Class Initialized
INFO - 2017-04-17 07:53:44 --> Language Class Initialized
ERROR - 2017-04-17 07:53:44 --> 404 Page Not Found: Style/img
INFO - 2017-04-17 07:53:57 --> Config Class Initialized
INFO - 2017-04-17 07:53:57 --> Hooks Class Initialized
INFO - 2017-04-17 07:53:57 --> UTF-8 Support Enabled
INFO - 2017-04-17 07:53:57 --> Utf8 Class Initialized
INFO - 2017-04-17 07:53:57 --> URI Class Initialized
INFO - 2017-04-17 07:53:57 --> Router Class Initialized
INFO - 2017-04-17 07:53:57 --> Output Class Initialized
INFO - 2017-04-17 07:53:57 --> Security Class Initialized
INFO - 2017-04-17 07:53:57 --> Input Class Initialized
INFO - 2017-04-17 07:53:57 --> Language Class Initialized
INFO - 2017-04-17 07:53:57 --> Loader Class Initialized
INFO - 2017-04-17 07:53:57 --> Helper loaded: url_helper
INFO - 2017-04-17 07:53:57 --> Database Driver Class Initialized
INFO - 2017-04-17 07:53:57 --> Session: Class initialized using 'files' driver.
INFO - 2017-04-17 07:53:57 --> Controller Class Initialized
INFO - 2017-04-17 07:53:57 --> Model Class Initialized
INFO - 2017-04-17 07:53:57 --> Model Class Initialized
INFO - 2017-04-17 07:53:57 --> Model Class Initialized
INFO - 2017-04-17 07:53:57 --> Language file loaded: language/english/pagination_lang.php
INFO - 2017-04-17 07:53:57 --> Pagination Class Initialized
INFO - 2017-04-17 07:53:57 --> File loaded: /Users/huangxiaolu/workspace/demo/ci/application/views/index/index.html
INFO - 2017-04-17 07:53:57 --> Final output sent to browser
INFO - 2017-04-17 07:53:57 --> Total execution time: 0.0261
INFO - 2017-04-17 07:53:57 --> Config Class Initialized
INFO - 2017-04-17 07:53:57 --> Hooks Class Initialized
INFO - 2017-04-17 07:53:57 --> UTF-8 Support Enabled
INFO - 2017-04-17 07:53:57 --> Utf8 Class Initialized
INFO - 2017-04-17 07:53:57 --> URI Class Initialized
INFO - 2017-04-17 07:53:57 --> Router Class Initialized
INFO - 2017-04-17 07:53:57 --> Output Class Initialized
INFO - 2017-04-17 07:53:57 --> Security Class Initialized
INFO - 2017-04-17 07:53:57 --> Input Class Initialized
INFO - 2017-04-17 07:53:57 --> Language Class Initialized
ERROR - 2017-04-17 07:53:57 --> 404 Page Not Found: Style/img
INFO - 2017-04-17 07:55:18 --> Config Class Initialized
INFO - 2017-04-17 07:55:18 --> Hooks Class Initialized
INFO - 2017-04-17 07:55:18 --> UTF-8 Support Enabled
INFO - 2017-04-17 07:55:18 --> Utf8 Class Initialized
INFO - 2017-04-17 07:55:18 --> URI Class Initialized
INFO - 2017-04-17 07:55:18 --> Router Class Initialized
INFO - 2017-04-17 07:55:18 --> Output Class Initialized
INFO - 2017-04-17 07:55:18 --> Security Class Initialized
INFO - 2017-04-17 07:55:18 --> Input Class Initialized
INFO - 2017-04-17 07:55:18 --> Language Class Initialized
INFO - 2017-04-17 07:55:18 --> Loader Class Initialized
INFO - 2017-04-17 07:55:18 --> Helper loaded: url_helper
INFO - 2017-04-17 07:55:18 --> Database Driver Class Initialized
INFO - 2017-04-17 07:55:18 --> Session: Class initialized using 'files' driver.
INFO - 2017-04-17 07:55:18 --> Controller Class Initialized
INFO - 2017-04-17 07:55:18 --> Model Class Initialized
INFO - 2017-04-17 07:55:18 --> Model Class Initialized
INFO - 2017-04-17 07:55:18 --> Model Class Initialized
INFO - 2017-04-17 07:55:18 --> Language file loaded: language/english/pagination_lang.php
INFO - 2017-04-17 07:55:18 --> Pagination Class Initialized
INFO - 2017-04-17 07:55:18 --> File loaded: /Users/huangxiaolu/workspace/demo/ci/application/views/index/index.html
INFO - 2017-04-17 07:55:18 --> Final output sent to browser
INFO - 2017-04-17 07:55:18 --> Total execution time: 0.0237
INFO - 2017-04-17 07:55:18 --> Config Class Initialized
INFO - 2017-04-17 07:55:18 --> Hooks Class Initialized
INFO - 2017-04-17 07:55:18 --> UTF-8 Support Enabled
INFO - 2017-04-17 07:55:18 --> Utf8 Class Initialized
INFO - 2017-04-17 07:55:18 --> URI Class Initialized
INFO - 2017-04-17 07:55:18 --> Router Class Initialized
INFO - 2017-04-17 07:55:18 --> Output Class Initialized
INFO - 2017-04-17 07:55:18 --> Security Class Initialized
INFO - 2017-04-17 07:55:18 --> Input Class Initialized
INFO - 2017-04-17 07:55:18 --> Language Class Initialized
ERROR - 2017-04-17 07:55:18 --> 404 Page Not Found: Style/img
